<?xml version="1.0" encoding="UTF-8"?>
<!-- Generated by org.testng.reporters.JUnitReportReporter -->
<testsuite hostname="01hw1678955" failures="0" tests="2" name="testCases.userRoleTestCases.userRoleSessionMap" time="75.440" errors="0" timestamp="2023-01-05T20:46:25 IST" skipped="0">
  <testcase classname="testCases.userRoleTestCases.userRoleSessionMap" name="sessionMap_verifyCompanyLogo" time="40.952"/>
  <system-out/>
  <testcase classname="testCases.userRoleTestCases.userRoleSessionMap" name="verifySessMapHostDataInGridForThisMonth" time="34.488"/>
  <system-out/>
</testsuite> <!-- testCases.userRoleTestCases.userRoleSessionMap -->
