<?xml version="1.0" encoding="UTF-8"?>
<!-- Generated by org.testng.reporters.JUnitReportReporter -->
<testsuite hostname="01hw1678955" failures="0" tests="7" name="testCases.userRoleTestCases.userRoleSessionActivity" time="263.801" errors="0" timestamp="2023-01-05T20:46:25 IST" skipped="0">
  <testcase classname="testCases.userRoleTestCases.userRoleSessionActivity" name="sessionActivity_verifyCompanyLogo" time="41.233"/>
  <system-out/>
  <testcase classname="testCases.userRoleTestCases.userRoleSessionActivity" name="verifySessActHostDataInGridForThisMonth" time="36.162"/>
  <system-out/>
  <testcase classname="testCases.userRoleTestCases.userRoleSessionActivity" name="verifySessActHostDataInGridForThisMonth" time="36.401"/>
  <system-out/>
  <testcase classname="testCases.userRoleTestCases.userRoleSessionActivity" name="verifySessAct25PerPageForThisMonth" time="36.300"/>
  <system-out/>
  <testcase classname="testCases.userRoleTestCases.userRoleSessionActivity" name="verifySessAct50PerPageForThisMonth" time="36.375"/>
  <system-out/>
  <testcase classname="testCases.userRoleTestCases.userRoleSessionActivity" name="verifySessAct100PerPageForThisMonth" time="36.237"/>
  <system-out/>
  <testcase classname="testCases.userRoleTestCases.userRoleSessionActivity" name="sessionActivity_verifyCompanyLogo" time="41.093"/>
  <system-out/>
</testsuite> <!-- testCases.userRoleTestCases.userRoleSessionActivity -->
